app/build/intermediates/manifest_merge_blame_file/release/manifest-merger-blame-release-report.txt
1<?xml version="1.0" encoding="utf-8"?>
2<manifest xmlns:android="http://schemas.android.com/apk/res/android"
3    package="com.minimy.minimy"
4    android:versionCode="1"
5    android:versionName="1.0" >
6
7    <uses-sdk
8        android:minSdkVersion="21"
9        android:targetSdkVersion="33" />
10
11    <permission
11-->[androidx.core:core:1.9.0] AndroidManifest.xml:22:5-24:47
12        android:name="com.minimy.minimy.DYNAMIC_RECEIVER_NOT_EXPORTED_PERMISSION"
12-->[androidx.core:core:1.9.0] AndroidManifest.xml:23:9-81
13        android:protectionLevel="signature" />
13-->[androidx.core:core:1.9.0] AndroidManifest.xml:24:9-44
14
15    <uses-permission android:name="com.minimy.minimy.DYNAMIC_RECEIVER_NOT_EXPORTED_PERMISSION" />
15-->[androidx.core:core:1.9.0] AndroidManifest.xml:26:5-97
15-->[androidx.core:core:1.9.0] AndroidManifest.xml:26:22-94
16
17    <application
17-->src/main/AndroidManifest.xml:4:5-25:19
18        android:appComponentFactory="androidx.core.app.CoreComponentFactory"
18-->[androidx.core:core:1.9.0] AndroidManifest.xml:28:18-86
19        android:extractNativeLibs="true"
20        android:icon="@android:drawable/sym_def_app_icon"
20-->src/main/AndroidManifest.xml:5:9-58
21        android:label="Minimy"
21-->src/main/AndroidManifest.xml:6:9-31
22        android:theme="@android:style/Theme.DeviceDefault.NoActionBar" >
22-->src/main/AndroidManifest.xml:7:9-71
23        <activity
23-->src/main/AndroidManifest.xml:9:9-24:20
24            android:name="com.minimy.minimy.MainActivity"
24-->src/main/AndroidManifest.xml:10:13-41
25            android:clearTaskOnLaunch="true"
25-->src/main/AndroidManifest.xml:13:13-45
26            android:excludeFromRecents="true"
26-->src/main/AndroidManifest.xml:15:13-46
27            android:exported="true"
27-->src/main/AndroidManifest.xml:11:13-36
28            android:launchMode="singleTask"
28-->src/main/AndroidManifest.xml:12:13-44
29            android:stateNotNeeded="true"
29-->src/main/AndroidManifest.xml:14:13-42
30            android:windowSoftInputMode="adjustPan" >
30-->src/main/AndroidManifest.xml:16:13-52
31            <intent-filter>
31-->src/main/AndroidManifest.xml:18:13-23:29
32                <action android:name="android.intent.action.MAIN" />
32-->src/main/AndroidManifest.xml:19:17-69
32-->src/main/AndroidManifest.xml:19:25-66
33
34                <category android:name="android.intent.category.HOME" />
34-->src/main/AndroidManifest.xml:20:17-73
34-->src/main/AndroidManifest.xml:20:27-70
35                <category android:name="android.intent.category.DEFAULT" />
35-->src/main/AndroidManifest.xml:21:17-76
35-->src/main/AndroidManifest.xml:21:27-73
36                <category android:name="android.intent.category.LAUNCHER" />
36-->src/main/AndroidManifest.xml:22:17-77
36-->src/main/AndroidManifest.xml:22:27-74
37            </intent-filter>
38        </activity>
39
40        <provider
40-->[androidx.emoji2:emoji2:1.2.0] AndroidManifest.xml:24:9-32:20
41            android:name="androidx.startup.InitializationProvider"
41-->[androidx.emoji2:emoji2:1.2.0] AndroidManifest.xml:25:13-67
42            android:authorities="com.minimy.minimy.androidx-startup"
42-->[androidx.emoji2:emoji2:1.2.0] AndroidManifest.xml:26:13-68
43            android:exported="false" >
43-->[androidx.emoji2:emoji2:1.2.0] AndroidManifest.xml:27:13-37
44            <meta-data
44-->[androidx.emoji2:emoji2:1.2.0] AndroidManifest.xml:29:13-31:52
45                android:name="androidx.emoji2.text.EmojiCompatInitializer"
45-->[androidx.emoji2:emoji2:1.2.0] AndroidManifest.xml:30:17-75
46                android:value="androidx.startup" />
46-->[androidx.emoji2:emoji2:1.2.0] AndroidManifest.xml:31:17-49
47            <meta-data
47-->[androidx.lifecycle:lifecycle-process:2.4.1] AndroidManifest.xml:31:13-33:52
48                android:name="androidx.lifecycle.ProcessLifecycleInitializer"
48-->[androidx.lifecycle:lifecycle-process:2.4.1] AndroidManifest.xml:32:17-78
49                android:value="androidx.startup" />
49-->[androidx.lifecycle:lifecycle-process:2.4.1] AndroidManifest.xml:33:17-49
50        </provider>
51    </application>
52
53</manifest>